<?xml version="1.0" encoding="UTF-8"?>
<!-- Generated by org.testng.reporters.JUnitReportReporter -->
<testsuite skipped="0" hostname="DESKTOP-Q71IO9G" name="testClass" tests="1" failures="0" timestamp="20 Dec 2018 08:09:54 GMT" time="12.623" errors="0">
  <testcase name="test1" time="12.623" classname="testClass"/>
</testsuite> <!-- testClass -->
