<?xml version="1.0" encoding="UTF-8"?>
<!-- Generated by org.testng.reporters.JUnitReportReporter -->
<testsuite skipped="0" hostname="DESKTOP-Q71IO9G" name="ParamaterTest" tests="2" failures="0" timestamp="20 Dec 2018 07:48:29 GMT" time="13.267" errors="0">
  <testcase name="testcase1" time="13.247" classname="ParamaterTest"/>
  <testcase name="Login" time="0.020" classname="ParamaterTest"/>
</testsuite> <!-- ParamaterTest -->
