<?xml version="1.0" encoding="UTF-8"?>
<!-- Generated by org.testng.reporters.JUnitReportReporter -->
<testsuite skipped="0" hostname="DESKTOP-Q71IO9G" name="BaseClass" tests="1" failures="0" timestamp="20 Dec 2018 08:09:22 GMT" time="19.353" errors="0">
  <testcase name="browserInvoke" time="19.353" classname="BaseClass"/>
</testsuite> <!-- BaseClass -->
